{"total": {"lines":{"total":1717,"covered":547,"skipped":0,"pct":31.85},"statements":{"total":1922,"covered":589,"skipped":0,"pct":30.64},"functions":{"total":480,"covered":124,"skipped":0,"pct":25.83},"branches":{"total":1362,"covered":320,"skipped":0,"pct":23.49},"branchesTrue":{"total":0,"covered":0,"skipped":0,"pct":100}}
,"C:\\Users\\Zubair Hussain\\Desktop\\Zubair-portfolio\\Zubair-Hussain-portfolio-\\src\\app\\layout.tsx": {"lines":{"total":16,"covered":0,"skipped":0,"pct":0},"functions":{"total":2,"covered":0,"skipped":0,"pct":0},"statements":{"total":16,"covered":0,"skipped":0,"pct":0},"branches":{"total":25,"covered":0,"skipped":0,"pct":0}}
,"C:\\Users\\Zubair Hussain\\Desktop\\Zubair-portfolio\\Zubair-Hussain-portfolio-\\src\\app\\not-found.tsx": {"lines":{"total":58,"covered":52,"skipped":0,"pct":89.65},"functions":{"total":13,"covered":10,"skipped":0,"pct":76.92},"statements":{"total":64,"covered":55,"skipped":0,"pct":85.93},"branches":{"total":43,"covered":32,"skipped":0,"pct":74.41}}
,"C:\\Users\\Zubair Hussain\\Desktop\\Zubair-portfolio\\Zubair-Hussain-portfolio-\\src\\app\\opengraph-image.tsx": {"lines":{"total":4,"covered":0,"skipped":0,"pct":0},"functions":{"total":1,"covered":0,"skipped":0,"pct":0},"statements":{"total":4,"covered":0,"skipped":0,"pct":0},"branches":{"total":0,"covered":0,"skipped":0,"pct":100}}
,"C:\\Users\\Zubair Hussain\\Desktop\\Zubair-portfolio\\Zubair-Hussain-portfolio-\\src\\app\\page.tsx": {"lines":{"total":14,"covered":0,"skipped":0,"pct":0},"functions":{"total":12,"covered":0,"skipped":0,"pct":0},"statements":{"total":24,"covered":0,"skipped":0,"pct":0},"branches":{"total":0,"covered":0,"skipped":0,"pct":100}}
,"C:\\Users\\Zubair Hussain\\Desktop\\Zubair-portfolio\\Zubair-Hussain-portfolio-\\src\\app\\robots.ts": {"lines":{"total":3,"covered":0,"skipped":0,"pct":0},"functions":{"total":1,"covered":0,"skipped":0,"pct":0},"statements":{"total":3,"covered":0,"skipped":0,"pct":0},"branches":{"total":0,"covered":0,"skipped":0,"pct":100}}
,"C:\\Users\\Zubair Hussain\\Desktop\\Zubair-portfolio\\Zubair-Hussain-portfolio-\\src\\app\\sitemap.ts": {"lines":{"total":6,"covered":0,"skipped":0,"pct":0},"functions":{"total":2,"covered":0,"skipped":0,"pct":0},"statements":{"total":7,"covered":0,"skipped":0,"pct":0},"branches":{"total":4,"covered":0,"skipped":0,"pct":0}}
,"C:\\Users\\Zubair Hussain\\Desktop\\Zubair-portfolio\\Zubair-Hussain-portfolio-\\src\\app\\api\\articles\\route.ts": {"lines":{"total":3,"covered":3,"skipped":0,"pct":100},"functions":{"total":2,"covered":2,"skipped":0,"pct":100},"statements":{"total":4,"covered":4,"skipped":0,"pct":100},"branches":{"total":0,"covered":0,"skipped":0,"pct":100}}
,"C:\\Users\\Zubair Hussain\\Desktop\\Zubair-portfolio\\Zubair-Hussain-portfolio-\\src\\app\\api\\chat\\route.ts": {"lines":{"total":94,"covered":0,"skipped":0,"pct":0},"functions":{"total":23,"covered":0,"skipped":0,"pct":0},"statements":{"total":107,"covered":0,"skipped":0,"pct":0},"branches":{"total":86,"covered":0,"skipped":0,"pct":0}}
,"C:\\Users\\Zubair Hussain\\Desktop\\Zubair-portfolio\\Zubair-Hussain-portfolio-\\src\\app\\api\\contact\\route.ts": {"lines":{"total":9,"covered":0,"skipped":0,"pct":0},"functions":{"total":1,"covered":0,"skipped":0,"pct":0},"statements":{"total":9,"covered":0,"skipped":0,"pct":0},"branches":{"total":2,"covered":0,"skipped":0,"pct":0}}
,"C:\\Users\\Zubair Hussain\\Desktop\\Zubair-portfolio\\Zubair-Hussain-portfolio-\\src\\app\\api\\firebase-config\\route.ts": {"lines":{"total":12,"covered":0,"skipped":0,"pct":0},"functions":{"total":2,"covered":0,"skipped":0,"pct":0},"statements":{"total":12,"covered":0,"skipped":0,"pct":0},"branches":{"total":2,"covered":0,"skipped":0,"pct":0}}
,"C:\\Users\\Zubair Hussain\\Desktop\\Zubair-portfolio\\Zubair-Hussain-portfolio-\\src\\app\\api\\schedule\\route.ts": {"lines":{"total":16,"covered":13,"skipped":0,"pct":81.25},"functions":{"total":3,"covered":2,"skipped":0,"pct":66.66},"statements":{"total":18,"covered":14,"skipped":0,"pct":77.77},"branches":{"total":10,"covered":5,"skipped":0,"pct":50}}
,"C:\\Users\\Zubair Hussain\\Desktop\\Zubair-portfolio\\Zubair-Hussain-portfolio-\\src\\app\\api\\suggest-timeline\\route.ts": {"lines":{"total":19,"covered":0,"skipped":0,"pct":0},"functions":{"total":3,"covered":0,"skipped":0,"pct":0},"statements":{"total":25,"covered":0,"skipped":0,"pct":0},"branches":{"total":29,"covered":0,"skipped":0,"pct":0}}
,"C:\\Users\\Zubair Hussain\\Desktop\\Zubair-portfolio\\Zubair-Hussain-portfolio-\\src\\app\\api\\verify-email\\route.ts": {"lines":{"total":31,"covered":26,"skipped":0,"pct":83.87},"functions":{"total":4,"covered":4,"skipped":0,"pct":100},"statements":{"total":31,"covered":26,"skipped":0,"pct":83.87},"branches":{"total":20,"covered":14,"skipped":0,"pct":70}}
,"C:\\Users\\Zubair Hussain\\Desktop\\Zubair-portfolio\\Zubair-Hussain-portfolio-\\src\\app\\blog\\page.tsx": {"lines":{"total":15,"covered":0,"skipped":0,"pct":0},"functions":{"total":4,"covered":0,"skipped":0,"pct":0},"statements":{"total":15,"covered":0,"skipped":0,"pct":0},"branches":{"total":13,"covered":0,"skipped":0,"pct":0}}
,"C:\\Users\\Zubair Hussain\\Desktop\\Zubair-portfolio\\Zubair-Hussain-portfolio-\\src\\app\\blog\\[slug]\\page.tsx": {"lines":{"total":38,"covered":0,"skipped":0,"pct":0},"functions":{"total":11,"covered":0,"skipped":0,"pct":0},"statements":{"total":40,"covered":0,"skipped":0,"pct":0},"branches":{"total":68,"covered":0,"skipped":0,"pct":0}}
,"C:\\Users\\Zubair Hussain\\Desktop\\Zubair-portfolio\\Zubair-Hussain-portfolio-\\src\\components\\3d\\AvatarSequence.tsx": {"lines":{"total":171,"covered":73,"skipped":0,"pct":42.69},"functions":{"total":33,"covered":13,"skipped":0,"pct":39.39},"statements":{"total":188,"covered":76,"skipped":0,"pct":40.42},"branches":{"total":92,"covered":18,"skipped":0,"pct":19.56}}
,"C:\\Users\\Zubair Hussain\\Desktop\\Zubair-portfolio\\Zubair-Hussain-portfolio-\\src\\components\\3d\\Globe.tsx": {"lines":{"total":21,"covered":0,"skipped":0,"pct":0},"functions":{"total":5,"covered":0,"skipped":0,"pct":0},"statements":{"total":21,"covered":0,"skipped":0,"pct":0},"branches":{"total":10,"covered":0,"skipped":0,"pct":0}}
,"C:\\Users\\Zubair Hussain\\Desktop\\Zubair-portfolio\\Zubair-Hussain-portfolio-\\src\\components\\3d\\Hero3D.tsx": {"lines":{"total":70,"covered":0,"skipped":0,"pct":0},"functions":{"total":21,"covered":0,"skipped":0,"pct":0},"statements":{"total":81,"covered":0,"skipped":0,"pct":0},"branches":{"total":30,"covered":0,"skipped":0,"pct":0}}
,"C:\\Users\\Zubair Hussain\\Desktop\\Zubair-portfolio\\Zubair-Hussain-portfolio-\\src\\components\\sections\\About.tsx": {"lines":{"total":11,"covered":0,"skipped":0,"pct":0},"functions":{"total":3,"covered":0,"skipped":0,"pct":0},"statements":{"total":11,"covered":0,"skipped":0,"pct":0},"branches":{"total":4,"covered":0,"skipped":0,"pct":0}}
,"C:\\Users\\Zubair Hussain\\Desktop\\Zubair-portfolio\\Zubair-Hussain-portfolio-\\src\\components\\sections\\Achievements.tsx": {"lines":{"total":12,"covered":0,"skipped":0,"pct":0},"functions":{"total":4,"covered":0,"skipped":0,"pct":0},"statements":{"total":12,"covered":0,"skipped":0,"pct":0},"branches":{"total":4,"covered":0,"skipped":0,"pct":0}}
,"C:\\Users\\Zubair Hussain\\Desktop\\Zubair-portfolio\\Zubair-Hussain-portfolio-\\src\\components\\sections\\Articles.tsx": {"lines":{"total":42,"covered":39,"skipped":0,"pct":92.85},"functions":{"total":14,"covered":12,"skipped":0,"pct":85.71},"statements":{"total":46,"covered":41,"skipped":0,"pct":89.13},"branches":{"total":33,"covered":21,"skipped":0,"pct":63.63}}
,"C:\\Users\\Zubair Hussain\\Desktop\\Zubair-portfolio\\Zubair-Hussain-portfolio-\\src\\components\\sections\\ClientLogos.tsx": {"lines":{"total":10,"covered":0,"skipped":0,"pct":0},"functions":{"total":3,"covered":0,"skipped":0,"pct":0},"statements":{"total":10,"covered":0,"skipped":0,"pct":0},"branches":{"total":2,"covered":0,"skipped":0,"pct":0}}
,"C:\\Users\\Zubair Hussain\\Desktop\\Zubair-portfolio\\Zubair-Hussain-portfolio-\\src\\components\\sections\\FAQ.tsx": {"lines":{"total":13,"covered":0,"skipped":0,"pct":0},"functions":{"total":6,"covered":0,"skipped":0,"pct":0},"statements":{"total":14,"covered":0,"skipped":0,"pct":0},"branches":{"total":8,"covered":0,"skipped":0,"pct":0}}
,"C:\\Users\\Zubair Hussain\\Desktop\\Zubair-portfolio\\Zubair-Hussain-portfolio-\\src\\components\\sections\\Hero.tsx": {"lines":{"total":5,"covered":0,"skipped":0,"pct":0},"functions":{"total":1,"covered":0,"skipped":0,"pct":0},"statements":{"total":5,"covered":0,"skipped":0,"pct":0},"branches":{"total":0,"covered":0,"skipped":0,"pct":100}}
,"C:\\Users\\Zubair Hussain\\Desktop\\Zubair-portfolio\\Zubair-Hussain-portfolio-\\src\\components\\sections\\HeroCTA.tsx": {"lines":{"total":26,"covered":22,"skipped":0,"pct":84.61},"functions":{"total":9,"covered":5,"skipped":0,"pct":55.55},"statements":{"total":28,"covered":23,"skipped":0,"pct":82.14},"branches":{"total":12,"covered":7,"skipped":0,"pct":58.33}}
,"C:\\Users\\Zubair Hussain\\Desktop\\Zubair-portfolio\\Zubair-Hussain-portfolio-\\src\\components\\sections\\HeroContent.tsx": {"lines":{"total":18,"covered":0,"skipped":0,"pct":0},"functions":{"total":3,"covered":0,"skipped":0,"pct":0},"statements":{"total":18,"covered":0,"skipped":0,"pct":0},"branches":{"total":24,"covered":0,"skipped":0,"pct":0}}
,"C:\\Users\\Zubair Hussain\\Desktop\\Zubair-portfolio\\Zubair-Hussain-portfolio-\\src\\components\\sections\\Projects.tsx": {"lines":{"total":42,"covered":0,"skipped":0,"pct":0},"functions":{"total":22,"covered":0,"skipped":0,"pct":0},"statements":{"total":49,"covered":0,"skipped":0,"pct":0},"branches":{"total":55,"covered":0,"skipped":0,"pct":0}}
,"C:\\Users\\Zubair Hussain\\Desktop\\Zubair-portfolio\\Zubair-Hussain-portfolio-\\src\\components\\sections\\Services.tsx": {"lines":{"total":12,"covered":0,"skipped":0,"pct":0},"functions":{"total":4,"covered":0,"skipped":0,"pct":0},"statements":{"total":12,"covered":0,"skipped":0,"pct":0},"branches":{"total":10,"covered":0,"skipped":0,"pct":0}}
,"C:\\Users\\Zubair Hussain\\Desktop\\Zubair-portfolio\\Zubair-Hussain-portfolio-\\src\\components\\sections\\Skills.tsx": {"lines":{"total":21,"covered":0,"skipped":0,"pct":0},"functions":{"total":6,"covered":0,"skipped":0,"pct":0},"statements":{"total":21,"covered":0,"skipped":0,"pct":0},"branches":{"total":20,"covered":0,"skipped":0,"pct":0}}
,"C:\\Users\\Zubair Hussain\\Desktop\\Zubair-portfolio\\Zubair-Hussain-portfolio-\\src\\components\\sections\\Testimonials.tsx": {"lines":{"total":138,"covered":0,"skipped":0,"pct":0},"functions":{"total":44,"covered":0,"skipped":0,"pct":0},"statements":{"total":155,"covered":0,"skipped":0,"pct":0},"branches":{"total":111,"covered":0,"skipped":0,"pct":0}}
,"C:\\Users\\Zubair Hussain\\Desktop\\Zubair-portfolio\\Zubair-Hussain-portfolio-\\src\\components\\ui\\AIChatbox.tsx": {"lines":{"total":48,"covered":0,"skipped":0,"pct":0},"functions":{"total":15,"covered":0,"skipped":0,"pct":0},"statements":{"total":53,"covered":0,"skipped":0,"pct":0},"branches":{"total":47,"covered":0,"skipped":0,"pct":0}}
,"C:\\Users\\Zubair Hussain\\Desktop\\Zubair-portfolio\\Zubair-Hussain-portfolio-\\src\\components\\ui\\BackToTop.tsx": {"lines":{"total":12,"covered":0,"skipped":0,"pct":0},"functions":{"total":5,"covered":0,"skipped":0,"pct":0},"statements":{"total":14,"covered":0,"skipped":0,"pct":0},"branches":{"total":4,"covered":0,"skipped":0,"pct":0}}
,"C:\\Users\\Zubair Hussain\\Desktop\\Zubair-portfolio\\Zubair-Hussain-portfolio-\\src\\components\\ui\\CookieConsent.tsx": {"lines":{"total":24,"covered":23,"skipped":0,"pct":95.83},"functions":{"total":8,"covered":7,"skipped":0,"pct":87.5},"statements":{"total":26,"covered":25,"skipped":0,"pct":96.15},"branches":{"total":8,"covered":5,"skipped":0,"pct":62.5}}
,"C:\\Users\\Zubair Hussain\\Desktop\\Zubair-portfolio\\Zubair-Hussain-portfolio-\\src\\components\\ui\\CustomCursor.tsx": {"lines":{"total":35,"covered":0,"skipped":0,"pct":0},"functions":{"total":8,"covered":0,"skipped":0,"pct":0},"statements":{"total":40,"covered":0,"skipped":0,"pct":0},"branches":{"total":14,"covered":0,"skipped":0,"pct":0}}
,"C:\\Users\\Zubair Hussain\\Desktop\\Zubair-portfolio\\Zubair-Hussain-portfolio-\\src\\components\\ui\\DeferredClientTools.tsx": {"lines":{"total":20,"covered":18,"skipped":0,"pct":90},"functions":{"total":10,"covered":4,"skipped":0,"pct":40},"statements":{"total":28,"covered":20,"skipped":0,"pct":71.42},"branches":{"total":10,"covered":6,"skipped":0,"pct":60}}
,"C:\\Users\\Zubair Hussain\\Desktop\\Zubair-portfolio\\Zubair-Hussain-portfolio-\\src\\components\\ui\\FloatingWhatsApp.tsx": {"lines":{"total":6,"covered":0,"skipped":0,"pct":0},"functions":{"total":3,"covered":0,"skipped":0,"pct":0},"statements":{"total":7,"covered":0,"skipped":0,"pct":0},"branches":{"total":8,"covered":0,"skipped":0,"pct":0}}
,"C:\\Users\\Zubair Hussain\\Desktop\\Zubair-portfolio\\Zubair-Hussain-portfolio-\\src\\components\\ui\\Footer.tsx": {"lines":{"total":8,"covered":0,"skipped":0,"pct":0},"functions":{"total":3,"covered":0,"skipped":0,"pct":0},"statements":{"total":8,"covered":0,"skipped":0,"pct":0},"branches":{"total":0,"covered":0,"skipped":0,"pct":100}}
,"C:\\Users\\Zubair Hussain\\Desktop\\Zubair-portfolio\\Zubair-Hussain-portfolio-\\src\\components\\ui\\HireMeModal.tsx": {"lines":{"total":70,"covered":0,"skipped":0,"pct":0},"functions":{"total":18,"covered":0,"skipped":0,"pct":0},"statements":{"total":74,"covered":0,"skipped":0,"pct":0},"branches":{"total":79,"covered":0,"skipped":0,"pct":0}}
,"C:\\Users\\Zubair Hussain\\Desktop\\Zubair-portfolio\\Zubair-Hussain-portfolio-\\src\\components\\ui\\LenisProvider.tsx": {"lines":{"total":16,"covered":0,"skipped":0,"pct":0},"functions":{"total":5,"covered":0,"skipped":0,"pct":0},"statements":{"total":17,"covered":0,"skipped":0,"pct":0},"branches":{"total":2,"covered":0,"skipped":0,"pct":0}}
,"C:\\Users\\Zubair Hussain\\Desktop\\Zubair-portfolio\\Zubair-Hussain-portfolio-\\src\\components\\ui\\Navigation.tsx": {"lines":{"total":86,"covered":0,"skipped":0,"pct":0},"functions":{"total":34,"covered":0,"skipped":0,"pct":0},"statements":{"total":97,"covered":0,"skipped":0,"pct":0},"branches":{"total":64,"covered":0,"skipped":0,"pct":0}}
,"C:\\Users\\Zubair Hussain\\Desktop\\Zubair-portfolio\\Zubair-Hussain-portfolio-\\src\\components\\ui\\ScrollProgress.tsx": {"lines":{"total":13,"covered":0,"skipped":0,"pct":0},"functions":{"total":4,"covered":0,"skipped":0,"pct":0},"statements":{"total":15,"covered":0,"skipped":0,"pct":0},"branches":{"total":4,"covered":0,"skipped":0,"pct":0}}
,"C:\\Users\\Zubair Hussain\\Desktop\\Zubair-portfolio\\Zubair-Hussain-portfolio-\\src\\components\\ui\\ThemeProvider.tsx": {"lines":{"total":18,"covered":3,"skipped":0,"pct":16.66},"functions":{"total":7,"covered":1,"skipped":0,"pct":14.28},"statements":{"total":19,"covered":4,"skipped":0,"pct":21.05},"branches":{"total":2,"covered":0,"skipped":0,"pct":0}}
,"C:\\Users\\Zubair Hussain\\Desktop\\Zubair-portfolio\\Zubair-Hussain-portfolio-\\src\\hooks\\useIntersection.ts": {"lines":{"total":26,"covered":0,"skipped":0,"pct":0},"functions":{"total":8,"covered":0,"skipped":0,"pct":0},"statements":{"total":32,"covered":0,"skipped":0,"pct":0},"branches":{"total":12,"covered":0,"skipped":0,"pct":0}}
,"C:\\Users\\Zubair Hussain\\Desktop\\Zubair-portfolio\\Zubair-Hussain-portfolio-\\src\\i18n\\request.ts": {"lines":{"total":7,"covered":0,"skipped":0,"pct":0},"functions":{"total":2,"covered":0,"skipped":0,"pct":0},"statements":{"total":7,"covered":0,"skipped":0,"pct":0},"branches":{"total":5,"covered":0,"skipped":0,"pct":0}}
,"C:\\Users\\Zubair Hussain\\Desktop\\Zubair-portfolio\\Zubair-Hussain-portfolio-\\src\\lib\\ai.ts": {"lines":{"total":11,"covered":0,"skipped":0,"pct":0},"functions":{"total":2,"covered":0,"skipped":0,"pct":0},"statements":{"total":12,"covered":0,"skipped":0,"pct":0},"branches":{"total":4,"covered":0,"skipped":0,"pct":0}}
,"C:\\Users\\Zubair Hussain\\Desktop\\Zubair-portfolio\\Zubair-Hussain-portfolio-\\src\\lib\\blog.ts": {"lines":{"total":230,"covered":200,"skipped":0,"pct":86.95},"functions":{"total":57,"covered":48,"skipped":0,"pct":84.21},"statements":{"total":268,"covered":219,"skipped":0,"pct":81.71},"branches":{"total":250,"covered":149,"skipped":0,"pct":59.6}}
,"C:\\Users\\Zubair Hussain\\Desktop\\Zubair-portfolio\\Zubair-Hussain-portfolio-\\src\\lib\\email-verification.ts": {"lines":{"total":24,"covered":19,"skipped":0,"pct":79.16},"functions":{"total":6,"covered":5,"skipped":0,"pct":83.33},"statements":{"total":28,"covered":20,"skipped":0,"pct":71.42},"branches":{"total":31,"covered":21,"skipped":0,"pct":67.74}}
,"C:\\Users\\Zubair Hussain\\Desktop\\Zubair-portfolio\\Zubair-Hussain-portfolio-\\src\\lib\\email.ts": {"lines":{"total":21,"covered":0,"skipped":0,"pct":0},"functions":{"total":2,"covered":0,"skipped":0,"pct":0},"statements":{"total":24,"covered":0,"skipped":0,"pct":0},"branches":{"total":16,"covered":0,"skipped":0,"pct":0}}
,"C:\\Users\\Zubair Hussain\\Desktop\\Zubair-portfolio\\Zubair-Hussain-portfolio-\\src\\lib\\firebase-config.ts": {"lines":{"total":7,"covered":7,"skipped":0,"pct":100},"functions":{"total":1,"covered":1,"skipped":0,"pct":100},"statements":{"total":8,"covered":8,"skipped":0,"pct":100},"branches":{"total":14,"covered":14,"skipped":0,"pct":100}}
,"C:\\Users\\Zubair Hussain\\Desktop\\Zubair-portfolio\\Zubair-Hussain-portfolio-\\src\\lib\\firebase-lazy.ts": {"lines":{"total":6,"covered":0,"skipped":0,"pct":0},"functions":{"total":2,"covered":0,"skipped":0,"pct":0},"statements":{"total":6,"covered":0,"skipped":0,"pct":0},"branches":{"total":2,"covered":0,"skipped":0,"pct":0}}
,"C:\\Users\\Zubair Hussain\\Desktop\\Zubair-portfolio\\Zubair-Hussain-portfolio-\\src\\lib\\firebase.ts": {"lines":{"total":17,"covered":0,"skipped":0,"pct":0},"functions":{"total":3,"covered":0,"skipped":0,"pct":0},"statements":{"total":19,"covered":0,"skipped":0,"pct":0},"branches":{"total":30,"covered":0,"skipped":0,"pct":0}}
,"C:\\Users\\Zubair Hussain\\Desktop\\Zubair-portfolio\\Zubair-Hussain-portfolio-\\src\\lib\\schedule-security.ts": {"lines":{"total":35,"covered":34,"skipped":0,"pct":97.14},"functions":{"total":6,"covered":6,"skipped":0,"pct":100},"statements":{"total":39,"covered":37,"skipped":0,"pct":94.87},"branches":{"total":16,"covered":14,"skipped":0,"pct":87.5}}
,"C:\\Users\\Zubair Hussain\\Desktop\\Zubair-portfolio\\Zubair-Hussain-portfolio-\\src\\lib\\seo.ts": {"lines":{"total":12,"covered":0,"skipped":0,"pct":0},"functions":{"total":5,"covered":0,"skipped":0,"pct":0},"statements":{"total":14,"covered":0,"skipped":0,"pct":0},"branches":{"total":9,"covered":0,"skipped":0,"pct":0}}
,"C:\\Users\\Zubair Hussain\\Desktop\\Zubair-portfolio\\Zubair-Hussain-portfolio-\\src\\lib\\site-url.ts": {"lines":{"total":10,"covered":10,"skipped":0,"pct":100},"functions":{"total":1,"covered":1,"skipped":0,"pct":100},"statements":{"total":11,"covered":11,"skipped":0,"pct":100},"branches":{"total":12,"covered":12,"skipped":0,"pct":100}}
,"C:\\Users\\Zubair Hussain\\Desktop\\Zubair-portfolio\\Zubair-Hussain-portfolio-\\src\\lib\\utils.ts": {"lines":{"total":4,"covered":4,"skipped":0,"pct":100},"functions":{"total":3,"covered":3,"skipped":0,"pct":100},"statements":{"total":5,"covered":5,"skipped":0,"pct":100},"branches":{"total":2,"covered":2,"skipped":0,"pct":100}}
,"C:\\Users\\Zubair Hussain\\Desktop\\Zubair-portfolio\\Zubair-Hussain-portfolio-\\src\\lib\\zubair-profile.ts": {"lines":{"total":1,"covered":1,"skipped":0,"pct":100},"functions":{"total":0,"covered":0,"skipped":0,"pct":100},"statements":{"total":1,"covered":1,"skipped":0,"pct":100},"branches":{"total":0,"covered":0,"skipped":0,"pct":100}}
}
