{"total": {"lines":{"total":422,"covered":369,"skipped":0,"pct":87.44},"statements":{"total":480,"covered":400,"skipped":0,"pct":83.33},"functions":{"total":93,"covered":81,"skipped":0,"pct":87.09},"branches":{"total":410,"covered":269,"skipped":0,"pct":65.6},"branchesTrue":{"total":0,"covered":0,"skipped":0,"pct":100}}
,"C:\\Users\\Zubair Hussain\\Desktop\\Zubair-portfolio\\Zubair-Hussain-portfolio-\\src\\app\\api\\articles\\route.ts": {"lines":{"total":5,"covered":5,"skipped":0,"pct":100},"functions":{"total":2,"covered":2,"skipped":0,"pct":100},"statements":{"total":6,"covered":6,"skipped":0,"pct":100},"branches":{"total":0,"covered":0,"skipped":0,"pct":100}}
,"C:\\Users\\Zubair Hussain\\Desktop\\Zubair-portfolio\\Zubair-Hussain-portfolio-\\src\\app\\api\\contact\\route.ts": {"lines":{"total":28,"covered":25,"skipped":0,"pct":89.28},"functions":{"total":2,"covered":2,"skipped":0,"pct":100},"statements":{"total":31,"covered":27,"skipped":0,"pct":87.09},"branches":{"total":29,"covered":18,"skipped":0,"pct":62.06}}
,"C:\\Users\\Zubair Hussain\\Desktop\\Zubair-portfolio\\Zubair-Hussain-portfolio-\\src\\app\\api\\schedule\\route.ts": {"lines":{"total":25,"covered":21,"skipped":0,"pct":84},"functions":{"total":4,"covered":3,"skipped":0,"pct":75},"statements":{"total":28,"covered":22,"skipped":0,"pct":78.57},"branches":{"total":18,"covered":12,"skipped":0,"pct":66.66}}
,"C:\\Users\\Zubair Hussain\\Desktop\\Zubair-portfolio\\Zubair-Hussain-portfolio-\\src\\app\\api\\verify-email\\route.ts": {"lines":{"total":31,"covered":26,"skipped":0,"pct":83.87},"functions":{"total":4,"covered":4,"skipped":0,"pct":100},"statements":{"total":31,"covered":26,"skipped":0,"pct":83.87},"branches":{"total":20,"covered":14,"skipped":0,"pct":70}}
,"C:\\Users\\Zubair Hussain\\Desktop\\Zubair-portfolio\\Zubair-Hussain-portfolio-\\src\\lib\\blog.ts": {"lines":{"total":252,"covered":217,"skipped":0,"pct":86.11},"functions":{"total":64,"covered":54,"skipped":0,"pct":84.37},"statements":{"total":292,"covered":237,"skipped":0,"pct":81.16},"branches":{"total":268,"covered":162,"skipped":0,"pct":60.44}}
,"C:\\Users\\Zubair Hussain\\Desktop\\Zubair-portfolio\\Zubair-Hussain-portfolio-\\src\\lib\\email-verification.ts": {"lines":{"total":24,"covered":19,"skipped":0,"pct":79.16},"functions":{"total":6,"covered":5,"skipped":0,"pct":83.33},"statements":{"total":28,"covered":20,"skipped":0,"pct":71.42},"branches":{"total":31,"covered":21,"skipped":0,"pct":67.74}}
,"C:\\Users\\Zubair Hussain\\Desktop\\Zubair-portfolio\\Zubair-Hussain-portfolio-\\src\\lib\\firebase-config.ts": {"lines":{"total":7,"covered":7,"skipped":0,"pct":100},"functions":{"total":1,"covered":1,"skipped":0,"pct":100},"statements":{"total":8,"covered":8,"skipped":0,"pct":100},"branches":{"total":14,"covered":14,"skipped":0,"pct":100}}
,"C:\\Users\\Zubair Hussain\\Desktop\\Zubair-portfolio\\Zubair-Hussain-portfolio-\\src\\lib\\schedule-security.ts": {"lines":{"total":35,"covered":34,"skipped":0,"pct":97.14},"functions":{"total":6,"covered":6,"skipped":0,"pct":100},"statements":{"total":39,"covered":37,"skipped":0,"pct":94.87},"branches":{"total":16,"covered":14,"skipped":0,"pct":87.5}}
,"C:\\Users\\Zubair Hussain\\Desktop\\Zubair-portfolio\\Zubair-Hussain-portfolio-\\src\\lib\\site-url.ts": {"lines":{"total":10,"covered":10,"skipped":0,"pct":100},"functions":{"total":1,"covered":1,"skipped":0,"pct":100},"statements":{"total":11,"covered":11,"skipped":0,"pct":100},"branches":{"total":12,"covered":12,"skipped":0,"pct":100}}
,"C:\\Users\\Zubair Hussain\\Desktop\\Zubair-portfolio\\Zubair-Hussain-portfolio-\\src\\lib\\utils.ts": {"lines":{"total":4,"covered":4,"skipped":0,"pct":100},"functions":{"total":3,"covered":3,"skipped":0,"pct":100},"statements":{"total":5,"covered":5,"skipped":0,"pct":100},"branches":{"total":2,"covered":2,"skipped":0,"pct":100}}
,"C:\\Users\\Zubair Hussain\\Desktop\\Zubair-portfolio\\Zubair-Hussain-portfolio-\\src\\lib\\zubair-profile.ts": {"lines":{"total":1,"covered":1,"skipped":0,"pct":100},"functions":{"total":0,"covered":0,"skipped":0,"pct":100},"statements":{"total":1,"covered":1,"skipped":0,"pct":100},"branches":{"total":0,"covered":0,"skipped":0,"pct":100}}
}
